<?xml version="1.0" encoding="UTF-8"?>
<testsuite xmlns:xsi="http://www.w3.org/2001/XMLSchema-instance" xsi:schemaLocation="https://maven.apache.org/surefire/maven-surefire-plugin/xsd/surefire-test-report.xsd" name="org.maven.runner.TestRunner" time="21.091" tests="9" errors="0" skipped="0" failures="0">
  <properties>
[...]
</properties>
  <testcase name="Given User should launch the browser" classname="Scenario: User verify for valid login credentials" time="0.003"/>
  <testcase name="And User hold for &apos;3&apos; seconds" classname="Scenario: User verify for valid login credentials" time="0"/>
  <testcase name="And User hold for &apos;3&apos; seconds" classname="Scenario: User verify for valid login credentials" time="0"/>
  <testcase name="Then User should verify the Welcome to AdactIn Group of Hotels is displayed in the login page" classname="Scenario: User verify for valid login credentials" time="0"/>
  <testcase name="When User enters the username in the login page" classname="Scenario: User verify for valid login credentials" time="0"/>
  <testcase name="And User enters the password in the login page" classname="Scenario: User verify for valid login credentials" time="0"/>
  <testcase name="And User clicks the Login button in the login page" classname="Scenario: User verify for valid login credentials" time="0"/>
  <testcase name="And User clicks the Logout button in home page" classname="Scenario: User verify for valid login credentials" time="0"/>
  <testcase name="Scenario: User verify for valid login credentials" classname="Scenario: User verify for valid login credentials" time="0"/>
</testsuite>